Performing C++ SOURCE FILE Test COMPILER_SUPPORTS_NO_UNDEFINED_VAR_TEMPLATE failed with the following output:
Change Dir: /Users/marciot/Documents/CefWithSyphon/XCodeBuild/CMakeFiles/CMakeTmp

Run Build Command:"/usr/bin/xcodebuild" "-project" "CMAKE_TRY_COMPILE.xcodeproj" "build" "-target" "cmTC_f8235" "-configuration" "Debug"
=== BUILD TARGET cmTC_f8235 OF PROJECT CMAKE_TRY_COMPILE WITH CONFIGURATION Debug ===

Check dependencies

Write auxiliary files
/bin/mkdir -p /Users/marciot/Documents/CefWithSyphon/XCodeBuild/CMakeFiles/CMakeTmp/CMAKE_TRY_COMPILE.build/Debug/cmTC_f8235.build/Objects-normal/x86_64
write-file /Users/marciot/Documents/CefWithSyphon/XCodeBuild/CMakeFiles/CMakeTmp/CMAKE_TRY_COMPILE.build/Debug/cmTC_f8235.build/Objects-normal/x86_64/cmTC_f8235.LinkFileList

CompileC CMAKE_TRY_COMPILE.build/Debug/cmTC_f8235.build/Objects-normal/x86_64/src.o src.cxx normal x86_64 c++ com.apple.compilers.llvm.clang.1_0.compiler
    cd /Users/marciot/Documents/CefWithSyphon/XCodeBuild/CMakeFiles/CMakeTmp
    export LANG=en_US.US-ASCII
    /Applications/Xcode.app/Contents/Developer/Toolchains/XcodeDefault.xctoolchain/usr/bin/clang -x c++ -arch x86_64 -fmessage-length=0 -fdiagnostics-show-note-include-stack -fmacro-backtrace-limit=0 -Wno-trigraphs -fpascal-strings -O0 -Wno-missing-field-initializers -Wno-missing-prototypes -Wno-return-type -Wno-non-virtual-dtor -Wno-overloaded-virtual -Wno-exit-time-destructors -Wno-missing-braces -Wparentheses -Wswitch -Wno-unused-function -Wno-unused-label -Wno-unused-parameter -Wno-unused-variable -Wunused-value -Wno-empty-body -Wno-uninitialized -Wno-unknown-pragmas -Wno-shadow -Wno-four-char-constants -Wno-conversion -Wno-constant-conversion -Wno-int-conversion -Wno-bool-conversion -Wno-enum-conversion -Wno-shorten-64-to-32 -Wno-newline-eof -Wno-c++11-extensions -DCMAKE_INTDIR=\"Debug\" -isysroot /Applications/Xcode.app/Contents/Developer/Platforms/MacOSX.platform/Developer/SDKs/MacOSX10.12.sdk -fasm-blocks -fstrict-aliasing -Wdeprecated-declarations -Winvalid-offsetof -mmacosx-version-min=10.12 -g -Wno-sign-conversion -Wno-infinite-recursion -Wno-move -I/Users/marciot/Documents/CefWithSyphon/XCodeBuild/CMakeFiles/CMakeTmp/Debug/include -I/Users/marciot/Documents/CefWithSyphon/XCodeBuild/CMakeFiles/CMakeTmp/CMAKE_TRY_COMPILE.build/Debug/cmTC_f8235.build/DerivedSources/x86_64 -I/Users/marciot/Documents/CefWithSyphon/XCodeBuild/CMakeFiles/CMakeTmp/CMAKE_TRY_COMPILE.build/Debug/cmTC_f8235.build/DerivedSources -Wmost -Wno-four-char-constants -Wno-unknown-pragmas -F/Users/marciot/Documents/CefWithSyphon/XCodeBuild/CMakeFiles/CMakeTmp/Debug -DCOMPILER_SUPPORTS_NO_UNDEFINED_VAR_TEMPLATE -Wno-undefined-var-template -MMD -MT dependencies -MF /Users/marciot/Documents/CefWithSyphon/XCodeBuild/CMakeFiles/CMakeTmp/CMAKE_TRY_COMPILE.build/Debug/cmTC_f8235.build/Objects-normal/x86_64/src.d --serialize-diagnostics /Users/marciot/Documents/CefWithSyphon/XCodeBuild/CMakeFiles/CMakeTmp/CMAKE_TRY_COMPILE.build/Debug/cmTC_f8235.build/Objects-normal/x86_64/src.dia -c /Users/marciot/Documents/CefWithSyphon/XCodeBuild/CMakeFiles/CMakeTmp/src.cxx -o /Users/marciot/Documents/CefWithSyphon/XCodeBuild/CMakeFiles/CMakeTmp/CMAKE_TRY_COMPILE.build/Debug/cmTC_f8235.build/Objects-normal/x86_64/src.o
warning: unknown warning option '-Wno-undefined-var-template'; did you mean '-Wno-undefined-internal'? [-Wunknown-warning-option]
1 warning generated.

Ld Debug/cmTC_f8235 normal x86_64
    cd /Users/marciot/Documents/CefWithSyphon/XCodeBuild/CMakeFiles/CMakeTmp
    export MACOSX_DEPLOYMENT_TARGET=10.12
    /Applications/Xcode.app/Contents/Developer/Toolchains/XcodeDefault.xctoolchain/usr/bin/clang++ -arch x86_64 -isysroot /Applications/Xcode.app/Contents/Developer/Platforms/MacOSX.platform/Developer/SDKs/MacOSX10.12.sdk -L/Users/marciot/Documents/CefWithSyphon/XCodeBuild/CMakeFiles/CMakeTmp/Debug -F/Users/marciot/Documents/CefWithSyphon/XCodeBuild/CMakeFiles/CMakeTmp/Debug -filelist /Users/marciot/Documents/CefWithSyphon/XCodeBuild/CMakeFiles/CMakeTmp/CMAKE_TRY_COMPILE.build/Debug/cmTC_f8235.build/Objects-normal/x86_64/cmTC_f8235.LinkFileList -mmacosx-version-min=10.12 -Xlinker -object_path_lto -Xlinker /Users/marciot/Documents/CefWithSyphon/XCodeBuild/CMakeFiles/CMakeTmp/CMAKE_TRY_COMPILE.build/Debug/cmTC_f8235.build/Objects-normal/x86_64/cmTC_f8235_lto.o -Xlinker -no_deduplicate -Wl,-search_paths_first -Wl,-headerpad_max_install_names -Xlinker -dependency_info -Xlinker /Users/marciot/Documents/CefWithSyphon/XCodeBuild/CMakeFiles/CMakeTmp/CMAKE_TRY_COMPILE.build/Debug/cmTC_f8235.build/Objects-normal/x86_64/cmTC_f8235_dependency_info.dat -o /Users/marciot/Documents/CefWithSyphon/XCodeBuild/CMakeFiles/CMakeTmp/Debug/cmTC_f8235

** BUILD SUCCEEDED **


Source file was:
int main() { return 0; }
